<?xml version="1.0" encoding="UTF-8"?>
<testsuite xmlns:xsi="http://www.w3.org/2001/XMLSchema-instance" xsi:noNamespaceSchemaLocation="https://maven.apache.org/surefire/maven-surefire-plugin/xsd/surefire-test-report-3.0.xsd" version="3.0" name="InjectedTest" time="22.532" tests="23" errors="0" skipped="0" failures="0">
  <properties>
    <property name="gopherProxySet" value="false"/>
    <property name="awt.toolkit" value="sun.lwawt.macosx.LWCToolkit"/>
    <property name="hudson.udp" value="-1"/>
    <property name="http.proxyHost" value="127.0.0.1"/>
    <property name="java.specification.version" value="1.8"/>
    <property name="file.encoding.pkg" value="sun.io"/>
    <property name="sun.cpu.isalist" value=""/>
    <property name="sun.jnu.encoding" value="UTF-8"/>
    <property name="java.class.path" value="/Users/apple/Desktop/java/uploadApk/target/test-classes:/Users/apple/Desktop/java/uploadApk/target/classes:/Users/apple/Desktop/apache-maven-3.5.0/mainlib/org/jenkins-ci/plugins/structs/1.19/structs-1.19.jar:/Users/apple/Desktop/apache-maven-3.5.0/mainlib/org/jenkins-ci/symbol-annotation/1.19/symbol-annotation-1.19.jar:/Users/apple/Desktop/apache-maven-3.5.0/mainlib/org/jenkins-ci/plugins/workflow/workflow-step-api/2.19/workflow-step-api-2.19.jar:/Users/apple/Desktop/apache-maven-3.5.0/mainlib/org/jenkins-ci/plugins/workflow/workflow-cps/2.39/workflow-cps-2.39.jar:/Users/apple/Desktop/apache-maven-3.5.0/mainlib/org/jenkins-ci/plugins/workflow/workflow-scm-step/2.4/workflow-scm-step-2.4.jar:/Users/apple/Desktop/apache-maven-3.5.0/mainlib/org/jenkins-ci/plugins/script-security/1.39/script-security-1.39.jar:/Users/apple/Desktop/apache-maven-3.5.0/mainlib/org/kohsuke/groovy-sandbox/1.16/groovy-sandbox-1.16.jar:/Users/apple/Desktop/apache-maven-3.5.0/mainlib/org/jenkins-ci/plugins/scm-api/2.2.6/scm-api-2.2.6.jar:/Users/apple/Desktop/apache-maven-3.5.0/mainlib/com/cloudbees/groovy-cps/1.18/groovy-cps-1.18.jar:/Users/apple/Desktop/apache-maven-3.5.0/mainlib/org/jenkins-ci/ui/jquery-detached/1.2.1/jquery-detached-1.2.1.jar:/Users/apple/Desktop/apache-maven-3.5.0/mainlib/org/jenkins-ci/ui/ace-editor/1.0.1/ace-editor-1.0.1.jar:/Users/apple/Desktop/apache-maven-3.5.0/mainlib/com/cloudbees/diff4j/1.2/diff4j-1.2.jar:/Users/apple/Desktop/apache-maven-3.5.0/mainlib/org/jenkins-ci/plugins/workflow/workflow-job/2.11.2/workflow-job-2.11.2.jar:/Users/apple/Desktop/apache-maven-3.5.0/mainlib/org/jenkins-ci/plugins/workflow/workflow-basic-steps/2.6/workflow-basic-steps-2.6.jar:/Users/apple/Desktop/apache-maven-3.5.0/mainlib/org/jenkins-ci/plugins/mailer/1.18/mailer-1.18.jar:/Users/apple/Desktop/apache-maven-3.5.0/mainlib/org/jenkins-ci/plugins/display-url-api/0.2/display-url-api-0.2.jar:/Users/apple/Desktop/apache-maven-3.5.0/mainlib/org/jenkins-ci/plugins/junit/1.3/junit-1.3.jar:/Users/apple/Desktop/apache-maven-3.5.0/mainlib/org/jenkins-ci/plugins/workflow/workflow-durable-task-step/2.13/workflow-durable-task-step-2.13.jar:/Users/apple/Desktop/apache-maven-3.5.0/mainlib/org/jenkins-ci/plugins/durable-task/1.14/durable-task-1.14.jar:/Users/apple/Desktop/apache-maven-3.5.0/mainlib/org/jenkins-ci/plugins/workflow/workflow-api/2.30/workflow-api-2.30.jar:/Users/apple/Desktop/apache-maven-3.5.0/mainlib/org/jenkins-ci/plugins/workflow/workflow-support/3.3/workflow-support-3.3.jar:/Users/apple/Desktop/apache-maven-3.5.0/mainlib/org/jboss/marshalling/jboss-marshalling-river/2.0.6.Final/jboss-marshalling-river-2.0.6.Final.jar:/Users/apple/Desktop/apache-maven-3.5.0/mainlib/org/jboss/marshalling/jboss-marshalling/2.0.6.Final/jboss-marshalling-2.0.6.Final.jar:/Users/apple/Desktop/apache-maven-3.5.0/mainlib/com/google/code/gson/gson/2.8.5/gson-2.8.5.jar:/Users/apple/Desktop/apache-maven-3.5.0/mainlib/com/github/spotbugs/spotbugs-annotations/3.1.12/spotbugs-annotations-3.1.12.jar:/Users/apple/Desktop/apache-maven-3.5.0/mainlib/com/google/code/findbugs/jsr305/3.0.2/jsr305-3.0.2.jar:/Users/apple/Desktop/apache-maven-3.5.0/mainlib/net/jcip/jcip-annotations/1.0/jcip-annotations-1.0.jar:/Users/apple/Desktop/apache-maven-3.5.0/mainlib/org/codehaus/mojo/animal-sniffer-annotations/1.17/animal-sniffer-annotations-1.17.jar:/Users/apple/Desktop/apache-maven-3.5.0/mainlib/javax/servlet/javax.servlet-api/3.1.0/javax.servlet-api-3.1.0.jar:/Users/apple/Desktop/apache-maven-3.5.0/mainlib/org/jenkins-ci/main/jenkins-core/2.164.1/jenkins-core-2.164.1.jar:/Users/apple/Desktop/apache-maven-3.5.0/mainlib/org/jenkins-ci/plugins/icon-shim/icon-set/1.0.5/icon-set-1.0.5.jar:/Users/apple/Desktop/apache-maven-3.5.0/mainlib/org/jenkins-ci/main/remoting/3.29/remoting-3.29.jar:/Users/apple/Desktop/apache-maven-3.5.0/mainlib/org/jenkins-ci/constant-pool-scanner/1.2/constant-pool-scanner-1.2.jar:/Users/apple/Desktop/apache-maven-3.5.0/mainlib/org/jenkins-ci/main/cli/2.164.1/cli-2.164.1.jar:/Users/apple/Desktop/apache-maven-3.5.0/mainlib/net/i2p/crypto/eddsa/0.3.0/eddsa-0.3.0.jar:/Users/apple/Desktop/apache-maven-3.5.0/mainlib/org/jenkins-ci/version-number/1.6/version-number-1.6.jar:/Users/apple/Desktop/apache-maven-3.5.0/mainlib/com/google/code/findbugs/annotations/3.0.0/annotations-3.0.0.jar:/Users/apple/Desktop/apache-maven-3.5.0/mainlib/org/jenkins-ci/crypto-util/1.1/crypto-util-1.1.jar:/Users/apple/Desktop/apache-maven-3.5.0/mainlib/org/jvnet/hudson/jtidy/4aug2000r7-dev-hudson-1/jtidy-4aug2000r7-dev-hudson-1.jar:/Users/apple/Desktop/apache-maven-3.5.0/mainlib/com/google/inject/guice/4.0/guice-4.0.jar:/Users/apple/Desktop/apache-maven-3.5.0/mainlib/javax/inject/javax.inject/1/javax.inject-1.jar:/Users/apple/Desktop/apache-maven-3.5.0/mainlib/aopalliance/aopalliance/1.0/aopalliance-1.0.jar:/Users/apple/Desktop/apache-maven-3.5.0/mainlib/org/jruby/ext/posix/jna-posix/1.0.3-jenkins-1/jna-posix-1.0.3-jenkins-1.jar:/Users/apple/Desktop/apache-maven-3.5.0/mainlib/com/github/jnr/jnr-posix/3.0.45/jnr-posix-3.0.45.jar:/Users/apple/Desktop/apache-maven-3.5.0/mainlib/com/github/jnr/jnr-ffi/2.1.8/jnr-ffi-2.1.8.jar:/Users/apple/Desktop/apache-maven-3.5.0/mainlib/com/github/jnr/jffi/1.2.17/jffi-1.2.17.jar:/Users/apple/Desktop/apache-maven-3.5.0/mainlib/com/github/jnr/jffi/1.2.16/jffi-1.2.16-native.jar:/Users/apple/Desktop/apache-maven-3.5.0/mainlib/org/ow2/asm/asm/5.0.3/asm-5.0.3.jar:/Users/apple/Desktop/apache-maven-3.5.0/mainlib/org/ow2/asm/asm-commons/5.0.3/asm-commons-5.0.3.jar:/Users/apple/Desktop/apache-maven-3.5.0/mainlib/org/ow2/asm/asm-analysis/5.0.3/asm-analysis-5.0.3.jar:/Users/apple/Desktop/apache-maven-3.5.0/mainlib/org/ow2/asm/asm-tree/5.0.3/asm-tree-5.0.3.jar:/Users/apple/Desktop/apache-maven-3.5.0/mainlib/org/ow2/asm/asm-util/5.0.3/asm-util-5.0.3.jar:/Users/apple/Desktop/apache-maven-3.5.0/mainlib/com/github/jnr/jnr-x86asm/1.0.2/jnr-x86asm-1.0.2.jar:/Users/apple/Desktop/apache-maven-3.5.0/mainlib/com/github/jnr/jnr-constants/0.9.9/jnr-constants-0.9.9.jar:/Users/apple/Desktop/apache-maven-3.5.0/mainlib/org/kohsuke/trilead-putty-extension/1.2/trilead-putty-extension-1.2.jar:/Users/apple/Desktop/apache-maven-3.5.0/mainlib/org/jenkins-ci/trilead-ssh2/build-217-jenkins-14/trilead-ssh2-build-217-jenkins-14.jar:/Users/apple/Desktop/apache-maven-3.5.0/mainlib/org/connectbot/jbcrypt/jbcrypt/1.0.0/jbcrypt-1.0.0.jar:/Users/apple/Desktop/apache-maven-3.5.0/mainlib/org/kohsuke/stapler/stapler-groovy/1.256/stapler-groovy-1.256.jar:/Users/apple/Desktop/apache-maven-3.5.0/mainlib/org/kohsuke/stapler/stapler-jelly/1.256/stapler-jelly-1.256.jar:/Users/apple/Desktop/apache-maven-3.5.0/mainlib/org/jenkins-ci/commons-jelly/1.1-jenkins-20120928/commons-jelly-1.1-jenkins-20120928.jar:/Users/apple/Desktop/apache-maven-3.5.0/mainlib/org/jenkins-ci/dom4j/dom4j/1.6.1-jenkins-4/dom4j-1.6.1-jenkins-4.jar:/Users/apple/Desktop/apache-maven-3.5.0/mainlib/org/kohsuke/stapler/stapler-jrebel/1.256/stapler-jrebel-1.256.jar:/Users/apple/Desktop/apache-maven-3.5.0/mainlib/org/kohsuke/stapler/stapler/1.256/stapler-1.256.jar:/Users/apple/Desktop/apache-maven-3.5.0/mainlib/javax/annotation/javax.annotation-api/1.2/javax.annotation-api-1.2.jar:/Users/apple/Desktop/apache-maven-3.5.0/mainlib/commons-discovery/commons-discovery/0.4/commons-discovery-0.4.jar:/Users/apple/Desktop/apache-maven-3.5.0/mainlib/org/jvnet/tiger-types/2.2/tiger-types-2.2.jar:/Users/apple/Desktop/apache-maven-3.5.0/mainlib/org/kohsuke/asm5/5.0.1/asm5-5.0.1.jar:/Users/apple/Desktop/apache-maven-3.5.0/mainlib/org/kohsuke/windows-package-checker/1.2/windows-package-checker-1.2.jar:/Users/apple/Desktop/apache-maven-3.5.0/mainlib/org/kohsuke/stapler/stapler-adjunct-zeroclipboard/1.3.5-1/stapler-adjunct-zeroclipboard-1.3.5-1.jar:/Users/apple/Desktop/apache-maven-3.5.0/mainlib/org/kohsuke/stapler/stapler-adjunct-timeline/1.5/stapler-adjunct-timeline-1.5.jar:/Users/apple/Desktop/apache-maven-3.5.0/mainlib/org/kohsuke/stapler/stapler-adjunct-codemirror/1.3/stapler-adjunct-codemirror-1.3.jar:/Users/apple/Desktop/apache-maven-3.5.0/mainlib/io/jenkins/stapler/jenkins-stapler-support/1.0/jenkins-stapler-support-1.0.jar:/Users/apple/Desktop/apache-maven-3.5.0/mainlib/com/infradna/tool/bridge-method-annotation/1.13/bridge-method-annotation-1.13.jar:/Users/apple/Desktop/apache-maven-3.5.0/mainlib/org/kohsuke/stapler/json-lib/2.4-jenkins-2/json-lib-2.4-jenkins-2.jar:/Users/apple/Desktop/apache-maven-3.5.0/mainlib/net/sf/ezmorph/ezmorph/1.0.6/ezmorph-1.0.6.jar:/Users/apple/Desktop/apache-maven-3.5.0/mainlib/commons-httpclient/commons-httpclient/3.1-jenkins-1/commons-httpclient-3.1-jenkins-1.jar:/Users/apple/Desktop/apache-maven-3.5.0/mainlib/args4j/args4j/2.0.31/args4j-2.0.31.jar:/Users/apple/Desktop/apache-maven-3.5.0/mainlib/org/jenkins-ci/annotation-indexer/1.12/annotation-indexer-1.12.jar:/Users/apple/Desktop/apache-maven-3.5.0/mainlib/org/jenkins-ci/bytecode-compatibility-transformer/2.0-beta-2/bytecode-compatibility-transformer-2.0-beta-2.jar:/Users/apple/Desktop/apache-maven-3.5.0/mainlib/org/kohsuke/asm6/6.2/asm6-6.2.jar:/Users/apple/Desktop/apache-maven-3.5.0/mainlib/org/jenkins-ci/task-reactor/1.5/task-reactor-1.5.jar:/Users/apple/Desktop/apache-maven-3.5.0/mainlib/org/jvnet/localizer/localizer/1.24/localizer-1.24.jar:/Users/apple/Desktop/apache-maven-3.5.0/mainlib/antlr/antlr/2.7.6/antlr-2.7.6.jar:/Users/apple/Desktop/apache-maven-3.5.0/mainlib/org/jvnet/hudson/xstream/1.4.7-jenkins-1/xstream-1.4.7-jenkins-1.jar:/Users/apple/Desktop/apache-maven-3.5.0/mainlib/xpp3/xpp3/1.1.4c/xpp3-1.1.4c.jar:/Users/apple/Desktop/apache-maven-3.5.0/mainlib/net/sf/kxml/kxml2/2.3.0/kxml2-2.3.0.jar:/Users/apple/Desktop/apache-maven-3.5.0/mainlib/jfree/jfreechart/1.0.9/jfreechart-1.0.9.jar:/Users/apple/Desktop/apache-maven-3.5.0/mainlib/jfree/jcommon/1.0.12/jcommon-1.0.12.jar:/Users/apple/Desktop/apache-maven-3.5.0/mainlib/org/apache/ant/ant/1.9.2/ant-1.9.2.jar:/Users/apple/Desktop/apache-maven-3.5.0/mainlib/org/apache/ant/ant-launcher/1.9.2/ant-launcher-1.9.2.jar:/Users/apple/Desktop/apache-maven-3.5.0/mainlib/commons-io/commons-io/2.6/commons-io-2.6.jar:/Users/apple/Desktop/apache-maven-3.5.0/mainlib/commons-lang/commons-lang/2.6/commons-lang-2.6.jar:/Users/apple/Desktop/apache-maven-3.5.0/mainlib/commons-digester/commons-digester/2.1/commons-digester-2.1.jar:/Users/apple/Desktop/apache-maven-3.5.0/mainlib/commons-beanutils/commons-beanutils/1.8.3/commons-beanutils-1.8.3.jar:/Users/apple/Desktop/apache-maven-3.5.0/mainlib/org/apache/commons/commons-compress/1.10/commons-compress-1.10.jar:/Users/apple/Desktop/apache-maven-3.5.0/mainlib/javax/mail/mail/1.4.4/mail-1.4.4.jar:/Users/apple/Desktop/apache-maven-3.5.0/mainlib/org/jvnet/hudson/activation/1.1.1-hudson-1/activation-1.1.1-hudson-1.jar:/Users/apple/Desktop/apache-maven-3.5.0/mainlib/jaxen/jaxen/1.1-beta-11/jaxen-1.1-beta-11.jar:/Users/apple/Desktop/apache-maven-3.5.0/mainlib/commons-jelly/commons-jelly-tags-fmt/1.0/commons-jelly-tags-fmt-1.0.jar:/Users/apple/Desktop/apache-maven-3.5.0/mainlib/commons-jelly/commons-jelly-tags-xml/1.1/commons-jelly-tags-xml-1.1.jar:/Users/apple/Desktop/apache-maven-3.5.0/mainlib/org/jvnet/hudson/commons-jelly-tags-define/1.0.1-hudson-20071021/commons-jelly-tags-define-1.0.1-hudson-20071021.jar:/Users/apple/Desktop/apache-maven-3.5.0/mainlib/org/jenkins-ci/commons-jexl/1.1-jenkins-20111212/commons-jexl-1.1-jenkins-20111212.jar:/Users/apple/Desktop/apache-maven-3.5.0/mainlib/org/acegisecurity/acegi-security/1.0.7/acegi-security-1.0.7.jar:/Users/apple/Desktop/apache-maven-3.5.0/mainlib/org/springframework/spring-jdbc/1.2.9/spring-jdbc-1.2.9.jar:/Users/apple/Desktop/apache-maven-3.5.0/mainlib/org/springframework/spring-dao/1.2.9/spring-dao-1.2.9.jar:/Users/apple/Desktop/apache-maven-3.5.0/mainlib/oro/oro/2.0.8/oro-2.0.8.jar:/Users/apple/Desktop/apache-maven-3.5.0/mainlib/log4j/log4j/1.2.17/log4j-1.2.17.jar:/Users/apple/Desktop/apache-maven-3.5.0/mainlib/org/codehaus/groovy/groovy-all/2.4.12/groovy-all-2.4.12.jar:/Users/apple/Desktop/apache-maven-3.5.0/mainlib/jline/jline/2.12/jline-2.12.jar:/Users/apple/Desktop/apache-maven-3.5.0/mainlib/org/fusesource/jansi/jansi/1.11/jansi-1.11.jar:/Users/apple/Desktop/apache-maven-3.5.0/mainlib/org/springframework/spring-webmvc/2.5.6.SEC03/spring-webmvc-2.5.6.SEC03.jar:/Users/apple/Desktop/apache-maven-3.5.0/mainlib/org/springframework/spring-beans/2.5.6.SEC03/spring-beans-2.5.6.SEC03.jar:/Users/apple/Desktop/apache-maven-3.5.0/mainlib/org/springframework/spring-context/2.5.6.SEC03/spring-context-2.5.6.SEC03.jar:/Users/apple/Desktop/apache-maven-3.5.0/mainlib/org/springframework/spring-context-support/2.5.6.SEC03/spring-context-support-2.5.6.SEC03.jar:/Users/apple/Desktop/apache-maven-3.5.0/mainlib/org/springframework/spring-web/2.5.6.SEC03/spring-web-2.5.6.SEC03.jar:/Users/apple/Desktop/apache-maven-3.5.0/mainlib/org/springframework/spring-core/2.5.6.SEC03/spring-core-2.5.6.SEC03.jar:/Users/apple/Desktop/apache-maven-3.5.0/mainlib/org/springframework/spring-aop/2.5.6.SEC03/spring-aop-2.5.6.SEC03.jar:/Users/apple/Desktop/apache-maven-3.5.0/mainlib/javax/servlet/jsp/jstl/javax.servlet.jsp.jstl-api/1.2.1/javax.servlet.jsp.jstl-api-1.2.1.jar:/Users/apple/Desktop/apache-maven-3.5.0/mainlib/com/sun/xml/txw2/txw2/20110809/txw2-20110809.jar:/Users/apple/Desktop/apache-maven-3.5.0/mainlib/javax/xml/stream/stax-api/1.0-2/stax-api-1.0-2.jar:/Users/apple/Desktop/apache-maven-3.5.0/mainlib/relaxngDatatype/relaxngDatatype/20020414/relaxngDatatype-20020414.jar:/Users/apple/Desktop/apache-maven-3.5.0/mainlib/commons-collections/commons-collections/3.2.2/commons-collections-3.2.2.jar:/Users/apple/Desktop/apache-maven-3.5.0/mainlib/org/jvnet/winp/winp/1.27/winp-1.27.jar:/Users/apple/Desktop/apache-maven-3.5.0/mainlib/org/jenkins-ci/memory-monitor/1.9/memory-monitor-1.9.jar:/Users/apple/Desktop/apache-maven-3.5.0/mainlib/org/codehaus/woodstox/wstx-asl/3.2.9/wstx-asl-3.2.9.jar:/Users/apple/Desktop/apache-maven-3.5.0/mainlib/stax/stax-api/1.0.1/stax-api-1.0.1.jar:/Users/apple/Desktop/apache-maven-3.5.0/mainlib/org/jenkins-ci/jmdns/3.4.0-jenkins-3/jmdns-3.4.0-jenkins-3.jar:/Users/apple/Desktop/apache-maven-3.5.0/mainlib/net/java/dev/jna/jna/4.5.2/jna-4.5.2.jar:/Users/apple/Desktop/apache-maven-3.5.0/mainlib/org/kohsuke/akuma/1.10/akuma-1.10.jar:/Users/apple/Desktop/apache-maven-3.5.0/mainlib/org/kohsuke/libpam4j/1.11/libpam4j-1.11.jar:/Users/apple/Desktop/apache-maven-3.5.0/mainlib/org/kohsuke/libzfs/0.8/libzfs-0.8.jar:/Users/apple/Desktop/apache-maven-3.5.0/mainlib/com/sun/solaris/embedded_su4j/1.1/embedded_su4j-1.1.jar:/Users/apple/Desktop/apache-maven-3.5.0/mainlib/net/java/sezpoz/sezpoz/1.13/sezpoz-1.13.jar:/Users/apple/Desktop/apache-maven-3.5.0/mainlib/org/kohsuke/jinterop/j-interop/2.0.6-kohsuke-1/j-interop-2.0.6-kohsuke-1.jar:/Users/apple/Desktop/apache-maven-3.5.0/mainlib/org/kohsuke/jinterop/j-interopdeps/2.0.6-kohsuke-1/j-interopdeps-2.0.6-kohsuke-1.jar:/Users/apple/Desktop/apache-maven-3.5.0/mainlib/org/samba/jcifs/jcifs/1.2.19/jcifs-1.2.19.jar:/Users/apple/Desktop/apache-maven-3.5.0/mainlib/org/jvnet/robust-http-client/robust-http-client/1.2/robust-http-client-1.2.jar:/Users/apple/Desktop/apache-maven-3.5.0/mainlib/commons-codec/commons-codec/1.9/commons-codec-1.9.jar:/Users/apple/Desktop/apache-maven-3.5.0/mainlib/commons-fileupload/commons-fileupload/1.3.1-jenkins-2/commons-fileupload-1.3.1-jenkins-2.jar:/Users/apple/Desktop/apache-maven-3.5.0/mainlib/com/google/guava/guava/11.0.1/guava-11.0.1.jar:/Users/apple/Desktop/apache-maven-3.5.0/mainlib/com/jcraft/jzlib/1.1.3-kohsuke-1/jzlib-1.1.3-kohsuke-1.jar:/Users/apple/Desktop/apache-maven-3.5.0/mainlib/org/jenkins-ci/main/jenkins-war/2.164.1/jenkins-war-2.164.1.war:/Users/apple/Desktop/apache-maven-3.5.0/mainlib/org/jenkins-ci/modules/instance-identity/2.2/instance-identity-2.2.jar:/Users/apple/Desktop/apache-maven-3.5.0/mainlib/io/github/stephenc/crypto/self-signed-cert-generator/1.0.0/self-signed-cert-generator-1.0.0.jar:/Users/apple/Desktop/apache-maven-3.5.0/mainlib/org/jenkins-ci/modules/ssh-cli-auth/1.4/ssh-cli-auth-1.4.jar:/Users/apple/Desktop/apache-maven-3.5.0/mainlib/org/jenkins-ci/modules/slave-installer/1.6/slave-installer-1.6.jar:/Users/apple/Desktop/apache-maven-3.5.0/mainlib/org/jenkins-ci/modules/windows-slave-installer/1.10.0/windows-slave-installer-1.10.0.jar:/Users/apple/Desktop/apache-maven-3.5.0/mainlib/org/jenkins-ci/modules/launchd-slave-installer/1.2/launchd-slave-installer-1.2.jar:/Users/apple/Desktop/apache-maven-3.5.0/mainlib/org/jenkins-ci/modules/upstart-slave-installer/1.1/upstart-slave-installer-1.1.jar:/Users/apple/Desktop/apache-maven-3.5.0/mainlib/org/jenkins-ci/modules/systemd-slave-installer/1.1/systemd-slave-installer-1.1.jar:/Users/apple/Desktop/apache-maven-3.5.0/mainlib/org/jenkins-ci/modules/sshd/2.6/sshd-2.6.jar:/Users/apple/Desktop/apache-maven-3.5.0/mainlib/org/apache/sshd/sshd-core/1.7.0/sshd-core-1.7.0.jar:/Users/apple/Desktop/apache-maven-3.5.0/mainlib/org/jenkins-ci/ui/jquery-detached/1.2.1/jquery-detached-1.2.1-core-assets.jar:/Users/apple/Desktop/apache-maven-3.5.0/mainlib/org/jenkins-ci/ui/bootstrap/1.3.2/bootstrap-1.3.2-core-assets.jar:/Users/apple/Desktop/apache-maven-3.5.0/mainlib/org/jenkins-ci/ui/handlebars/1.1.1/handlebars-1.1.1-core-assets.jar:/Users/apple/Desktop/apache-maven-3.5.0/mainlib/org/jenkins-ci/main/jenkins-test-harness/2.49/jenkins-test-harness-2.49.jar:/Users/apple/Desktop/apache-maven-3.5.0/mainlib/org/eclipse/jetty/jetty-webapp/9.4.5.v20170502/jetty-webapp-9.4.5.v20170502.jar:/Users/apple/Desktop/apache-maven-3.5.0/mainlib/org/eclipse/jetty/jetty-xml/9.4.5.v20170502/jetty-xml-9.4.5.v20170502.jar:/Users/apple/Desktop/apache-maven-3.5.0/mainlib/org/eclipse/jetty/jetty-util/9.4.5.v20170502/jetty-util-9.4.5.v20170502.jar:/Users/apple/Desktop/apache-maven-3.5.0/mainlib/org/eclipse/jetty/jetty-servlet/9.4.5.v20170502/jetty-servlet-9.4.5.v20170502.jar:/Users/apple/Desktop/apache-maven-3.5.0/mainlib/org/eclipse/jetty/jetty-security/9.4.5.v20170502/jetty-security-9.4.5.v20170502.jar:/Users/apple/Desktop/apache-maven-3.5.0/mainlib/org/eclipse/jetty/jetty-server/9.4.5.v20170502/jetty-server-9.4.5.v20170502.jar:/Users/apple/Desktop/apache-maven-3.5.0/mainlib/org/eclipse/jetty/jetty-http/9.4.5.v20170502/jetty-http-9.4.5.v20170502.jar:/Users/apple/Desktop/apache-maven-3.5.0/mainlib/org/eclipse/jetty/jetty-io/9.4.5.v20170502/jetty-io-9.4.5.v20170502.jar:/Users/apple/Desktop/apache-maven-3.5.0/mainlib/org/hamcrest/hamcrest-library/1.3/hamcrest-library-1.3.jar:/Users/apple/Desktop/apache-maven-3.5.0/mainlib/org/jenkins-ci/main/jenkins-test-harness-htmlunit/2.31-2/jenkins-test-harness-htmlunit-2.31-2.jar:/Users/apple/Desktop/apache-maven-3.5.0/mainlib/xalan/serializer/2.7.2/serializer-2.7.2.jar:/Users/apple/Desktop/apache-maven-3.5.0/mainlib/org/apache/commons/commons-lang3/3.7/commons-lang3-3.7.jar:/Users/apple/Desktop/apache-maven-3.5.0/mainlib/org/apache/commons/commons-text/1.3/commons-text-1.3.jar:/Users/apple/Desktop/apache-maven-3.5.0/mainlib/xml-apis/xml-apis/1.4.01/xml-apis-1.4.01.jar:/Users/apple/Desktop/apache-maven-3.5.0/mainlib/commons-net/commons-net/3.6/commons-net-3.6.jar:/Users/apple/Desktop/apache-maven-3.5.0/mainlib/org/eclipse/jetty/websocket/websocket-client/9.4.10.v20180503/websocket-client-9.4.10.v20180503.jar:/Users/apple/Desktop/apache-maven-3.5.0/mainlib/org/eclipse/jetty/websocket/websocket-common/9.4.10.v20180503/websocket-common-9.4.10.v20180503.jar:/Users/apple/Desktop/apache-maven-3.5.0/mainlib/org/eclipse/jetty/websocket/websocket-api/9.4.10.v20180503/websocket-api-9.4.10.v20180503.jar:/Users/apple/Desktop/apache-maven-3.5.0/mainlib/org/jvnet/hudson/embedded-rhino-debugger/1.2/embedded-rhino-debugger-1.2.jar:/Users/apple/Desktop/apache-maven-3.5.0/mainlib/org/netbeans/modules/org-netbeans-insane/RELEASE72/org-netbeans-insane-RELEASE72.jar:/Users/apple/Desktop/apache-maven-3.5.0/mainlib/com/github/stephenc/findbugs/findbugs-annotations/1.3.9-1/findbugs-annotations-1.3.9-1.jar:/Users/apple/Desktop/apache-maven-3.5.0/mainlib/org/jenkins-ci/test-annotations/1.3/test-annotations-1.3.jar:/Users/apple/Desktop/apache-maven-3.5.0/mainlib/junit/junit/4.12/junit-4.12.jar:/Users/apple/Desktop/apache-maven-3.5.0/mainlib/org/hamcrest/hamcrest-core/1.3/hamcrest-core-1.3.jar:/Users/apple/Desktop/apache-maven-3.5.0/mainlib/org/slf4j/slf4j-api/1.7.25/slf4j-api-1.7.25.jar:/Users/apple/Desktop/apache-maven-3.5.0/mainlib/org/slf4j/log4j-over-slf4j/1.7.25/log4j-over-slf4j-1.7.25.jar:/Users/apple/Desktop/apache-maven-3.5.0/mainlib/org/slf4j/jcl-over-slf4j/1.7.25/jcl-over-slf4j-1.7.25.jar:/Users/apple/Desktop/apache-maven-3.5.0/mainlib/org/slf4j/slf4j-jdk14/1.7.25/slf4j-jdk14-1.7.25.jar:/Users/apple/Desktop/apache-maven-3.5.0/mainlib/org/kohsuke/access-modifier-annotation/1.16/access-modifier-annotation-1.16.jar:/Users/apple/Desktop/apache-maven-3.5.0/mainlib/commons-logging/commons-logging/1.2/commons-logging-1.2.jar:"/>
    <property name="https.proxyPort" value="49635"/>
    <property name="java.vm.vendor" value="Oracle Corporation"/>
    <property name="sun.arch.data.model" value="64"/>
    <property name="java.vendor.url" value="http://java.oracle.com/"/>
    <property name="user.timezone" value=""/>
    <property name="java.vm.specification.version" value="1.8"/>
    <property name="os.name" value="Mac OS X"/>
    <property name="user.country" value="CN"/>
    <property name="sun.java.launcher" value="SUN_STANDARD"/>
    <property name="sun.boot.library.path" value="/Library/Java/JavaVirtualMachines/jdk1.8.0_111.jdk/Contents/Home/jre/lib"/>
    <property name="sun.java.command" value="/Users/apple/Desktop/java/uploadApk/target/surefire/surefirebooter419404716177080798.jar /Users/apple/Desktop/java/uploadApk/target/surefire 2019-08-15T11-36-18_108-jvmRun1 surefire3395588679774140207tmp surefire_01296952530296127024tmp"/>
    <property name="surefire.test.class.path" value="/Users/apple/Desktop/java/uploadApk/target/test-classes:/Users/apple/Desktop/java/uploadApk/target/classes:/Users/apple/Desktop/apache-maven-3.5.0/mainlib/org/jenkins-ci/plugins/structs/1.19/structs-1.19.jar:/Users/apple/Desktop/apache-maven-3.5.0/mainlib/org/jenkins-ci/symbol-annotation/1.19/symbol-annotation-1.19.jar:/Users/apple/Desktop/apache-maven-3.5.0/mainlib/org/jenkins-ci/plugins/workflow/workflow-step-api/2.19/workflow-step-api-2.19.jar:/Users/apple/Desktop/apache-maven-3.5.0/mainlib/org/jenkins-ci/plugins/workflow/workflow-cps/2.39/workflow-cps-2.39.jar:/Users/apple/Desktop/apache-maven-3.5.0/mainlib/org/jenkins-ci/plugins/workflow/workflow-scm-step/2.4/workflow-scm-step-2.4.jar:/Users/apple/Desktop/apache-maven-3.5.0/mainlib/org/jenkins-ci/plugins/script-security/1.39/script-security-1.39.jar:/Users/apple/Desktop/apache-maven-3.5.0/mainlib/org/kohsuke/groovy-sandbox/1.16/groovy-sandbox-1.16.jar:/Users/apple/Desktop/apache-maven-3.5.0/mainlib/org/jenkins-ci/plugins/scm-api/2.2.6/scm-api-2.2.6.jar:/Users/apple/Desktop/apache-maven-3.5.0/mainlib/com/cloudbees/groovy-cps/1.18/groovy-cps-1.18.jar:/Users/apple/Desktop/apache-maven-3.5.0/mainlib/org/jenkins-ci/ui/jquery-detached/1.2.1/jquery-detached-1.2.1.jar:/Users/apple/Desktop/apache-maven-3.5.0/mainlib/org/jenkins-ci/ui/ace-editor/1.0.1/ace-editor-1.0.1.jar:/Users/apple/Desktop/apache-maven-3.5.0/mainlib/com/cloudbees/diff4j/1.2/diff4j-1.2.jar:/Users/apple/Desktop/apache-maven-3.5.0/mainlib/org/jenkins-ci/plugins/workflow/workflow-job/2.11.2/workflow-job-2.11.2.jar:/Users/apple/Desktop/apache-maven-3.5.0/mainlib/org/jenkins-ci/plugins/workflow/workflow-basic-steps/2.6/workflow-basic-steps-2.6.jar:/Users/apple/Desktop/apache-maven-3.5.0/mainlib/org/jenkins-ci/plugins/mailer/1.18/mailer-1.18.jar:/Users/apple/Desktop/apache-maven-3.5.0/mainlib/org/jenkins-ci/plugins/display-url-api/0.2/display-url-api-0.2.jar:/Users/apple/Desktop/apache-maven-3.5.0/mainlib/org/jenkins-ci/plugins/junit/1.3/junit-1.3.jar:/Users/apple/Desktop/apache-maven-3.5.0/mainlib/org/jenkins-ci/plugins/workflow/workflow-durable-task-step/2.13/workflow-durable-task-step-2.13.jar:/Users/apple/Desktop/apache-maven-3.5.0/mainlib/org/jenkins-ci/plugins/durable-task/1.14/durable-task-1.14.jar:/Users/apple/Desktop/apache-maven-3.5.0/mainlib/org/jenkins-ci/plugins/workflow/workflow-api/2.30/workflow-api-2.30.jar:/Users/apple/Desktop/apache-maven-3.5.0/mainlib/org/jenkins-ci/plugins/workflow/workflow-support/3.3/workflow-support-3.3.jar:/Users/apple/Desktop/apache-maven-3.5.0/mainlib/org/jboss/marshalling/jboss-marshalling-river/2.0.6.Final/jboss-marshalling-river-2.0.6.Final.jar:/Users/apple/Desktop/apache-maven-3.5.0/mainlib/org/jboss/marshalling/jboss-marshalling/2.0.6.Final/jboss-marshalling-2.0.6.Final.jar:/Users/apple/Desktop/apache-maven-3.5.0/mainlib/com/google/code/gson/gson/2.8.5/gson-2.8.5.jar:/Users/apple/Desktop/apache-maven-3.5.0/mainlib/com/github/spotbugs/spotbugs-annotations/3.1.12/spotbugs-annotations-3.1.12.jar:/Users/apple/Desktop/apache-maven-3.5.0/mainlib/com/google/code/findbugs/jsr305/3.0.2/jsr305-3.0.2.jar:/Users/apple/Desktop/apache-maven-3.5.0/mainlib/net/jcip/jcip-annotations/1.0/jcip-annotations-1.0.jar:/Users/apple/Desktop/apache-maven-3.5.0/mainlib/org/codehaus/mojo/animal-sniffer-annotations/1.17/animal-sniffer-annotations-1.17.jar:/Users/apple/Desktop/apache-maven-3.5.0/mainlib/javax/servlet/javax.servlet-api/3.1.0/javax.servlet-api-3.1.0.jar:/Users/apple/Desktop/apache-maven-3.5.0/mainlib/org/jenkins-ci/main/jenkins-core/2.164.1/jenkins-core-2.164.1.jar:/Users/apple/Desktop/apache-maven-3.5.0/mainlib/org/jenkins-ci/plugins/icon-shim/icon-set/1.0.5/icon-set-1.0.5.jar:/Users/apple/Desktop/apache-maven-3.5.0/mainlib/org/jenkins-ci/main/remoting/3.29/remoting-3.29.jar:/Users/apple/Desktop/apache-maven-3.5.0/mainlib/org/jenkins-ci/constant-pool-scanner/1.2/constant-pool-scanner-1.2.jar:/Users/apple/Desktop/apache-maven-3.5.0/mainlib/org/jenkins-ci/main/cli/2.164.1/cli-2.164.1.jar:/Users/apple/Desktop/apache-maven-3.5.0/mainlib/net/i2p/crypto/eddsa/0.3.0/eddsa-0.3.0.jar:/Users/apple/Desktop/apache-maven-3.5.0/mainlib/org/jenkins-ci/version-number/1.6/version-number-1.6.jar:/Users/apple/Desktop/apache-maven-3.5.0/mainlib/com/google/code/findbugs/annotations/3.0.0/annotations-3.0.0.jar:/Users/apple/Desktop/apache-maven-3.5.0/mainlib/org/jenkins-ci/crypto-util/1.1/crypto-util-1.1.jar:/Users/apple/Desktop/apache-maven-3.5.0/mainlib/org/jvnet/hudson/jtidy/4aug2000r7-dev-hudson-1/jtidy-4aug2000r7-dev-hudson-1.jar:/Users/apple/Desktop/apache-maven-3.5.0/mainlib/com/google/inject/guice/4.0/guice-4.0.jar:/Users/apple/Desktop/apache-maven-3.5.0/mainlib/javax/inject/javax.inject/1/javax.inject-1.jar:/Users/apple/Desktop/apache-maven-3.5.0/mainlib/aopalliance/aopalliance/1.0/aopalliance-1.0.jar:/Users/apple/Desktop/apache-maven-3.5.0/mainlib/org/jruby/ext/posix/jna-posix/1.0.3-jenkins-1/jna-posix-1.0.3-jenkins-1.jar:/Users/apple/Desktop/apache-maven-3.5.0/mainlib/com/github/jnr/jnr-posix/3.0.45/jnr-posix-3.0.45.jar:/Users/apple/Desktop/apache-maven-3.5.0/mainlib/com/github/jnr/jnr-ffi/2.1.8/jnr-ffi-2.1.8.jar:/Users/apple/Desktop/apache-maven-3.5.0/mainlib/com/github/jnr/jffi/1.2.17/jffi-1.2.17.jar:/Users/apple/Desktop/apache-maven-3.5.0/mainlib/com/github/jnr/jffi/1.2.16/jffi-1.2.16-native.jar:/Users/apple/Desktop/apache-maven-3.5.0/mainlib/org/ow2/asm/asm/5.0.3/asm-5.0.3.jar:/Users/apple/Desktop/apache-maven-3.5.0/mainlib/org/ow2/asm/asm-commons/5.0.3/asm-commons-5.0.3.jar:/Users/apple/Desktop/apache-maven-3.5.0/mainlib/org/ow2/asm/asm-analysis/5.0.3/asm-analysis-5.0.3.jar:/Users/apple/Desktop/apache-maven-3.5.0/mainlib/org/ow2/asm/asm-tree/5.0.3/asm-tree-5.0.3.jar:/Users/apple/Desktop/apache-maven-3.5.0/mainlib/org/ow2/asm/asm-util/5.0.3/asm-util-5.0.3.jar:/Users/apple/Desktop/apache-maven-3.5.0/mainlib/com/github/jnr/jnr-x86asm/1.0.2/jnr-x86asm-1.0.2.jar:/Users/apple/Desktop/apache-maven-3.5.0/mainlib/com/github/jnr/jnr-constants/0.9.9/jnr-constants-0.9.9.jar:/Users/apple/Desktop/apache-maven-3.5.0/mainlib/org/kohsuke/trilead-putty-extension/1.2/trilead-putty-extension-1.2.jar:/Users/apple/Desktop/apache-maven-3.5.0/mainlib/org/jenkins-ci/trilead-ssh2/build-217-jenkins-14/trilead-ssh2-build-217-jenkins-14.jar:/Users/apple/Desktop/apache-maven-3.5.0/mainlib/org/connectbot/jbcrypt/jbcrypt/1.0.0/jbcrypt-1.0.0.jar:/Users/apple/Desktop/apache-maven-3.5.0/mainlib/org/kohsuke/stapler/stapler-groovy/1.256/stapler-groovy-1.256.jar:/Users/apple/Desktop/apache-maven-3.5.0/mainlib/org/kohsuke/stapler/stapler-jelly/1.256/stapler-jelly-1.256.jar:/Users/apple/Desktop/apache-maven-3.5.0/mainlib/org/jenkins-ci/commons-jelly/1.1-jenkins-20120928/commons-jelly-1.1-jenkins-20120928.jar:/Users/apple/Desktop/apache-maven-3.5.0/mainlib/org/jenkins-ci/dom4j/dom4j/1.6.1-jenkins-4/dom4j-1.6.1-jenkins-4.jar:/Users/apple/Desktop/apache-maven-3.5.0/mainlib/org/kohsuke/stapler/stapler-jrebel/1.256/stapler-jrebel-1.256.jar:/Users/apple/Desktop/apache-maven-3.5.0/mainlib/org/kohsuke/stapler/stapler/1.256/stapler-1.256.jar:/Users/apple/Desktop/apache-maven-3.5.0/mainlib/javax/annotation/javax.annotation-api/1.2/javax.annotation-api-1.2.jar:/Users/apple/Desktop/apache-maven-3.5.0/mainlib/commons-discovery/commons-discovery/0.4/commons-discovery-0.4.jar:/Users/apple/Desktop/apache-maven-3.5.0/mainlib/org/jvnet/tiger-types/2.2/tiger-types-2.2.jar:/Users/apple/Desktop/apache-maven-3.5.0/mainlib/org/kohsuke/asm5/5.0.1/asm5-5.0.1.jar:/Users/apple/Desktop/apache-maven-3.5.0/mainlib/org/kohsuke/windows-package-checker/1.2/windows-package-checker-1.2.jar:/Users/apple/Desktop/apache-maven-3.5.0/mainlib/org/kohsuke/stapler/stapler-adjunct-zeroclipboard/1.3.5-1/stapler-adjunct-zeroclipboard-1.3.5-1.jar:/Users/apple/Desktop/apache-maven-3.5.0/mainlib/org/kohsuke/stapler/stapler-adjunct-timeline/1.5/stapler-adjunct-timeline-1.5.jar:/Users/apple/Desktop/apache-maven-3.5.0/mainlib/org/kohsuke/stapler/stapler-adjunct-codemirror/1.3/stapler-adjunct-codemirror-1.3.jar:/Users/apple/Desktop/apache-maven-3.5.0/mainlib/io/jenkins/stapler/jenkins-stapler-support/1.0/jenkins-stapler-support-1.0.jar:/Users/apple/Desktop/apache-maven-3.5.0/mainlib/com/infradna/tool/bridge-method-annotation/1.13/bridge-method-annotation-1.13.jar:/Users/apple/Desktop/apache-maven-3.5.0/mainlib/org/kohsuke/stapler/json-lib/2.4-jenkins-2/json-lib-2.4-jenkins-2.jar:/Users/apple/Desktop/apache-maven-3.5.0/mainlib/net/sf/ezmorph/ezmorph/1.0.6/ezmorph-1.0.6.jar:/Users/apple/Desktop/apache-maven-3.5.0/mainlib/commons-httpclient/commons-httpclient/3.1-jenkins-1/commons-httpclient-3.1-jenkins-1.jar:/Users/apple/Desktop/apache-maven-3.5.0/mainlib/args4j/args4j/2.0.31/args4j-2.0.31.jar:/Users/apple/Desktop/apache-maven-3.5.0/mainlib/org/jenkins-ci/annotation-indexer/1.12/annotation-indexer-1.12.jar:/Users/apple/Desktop/apache-maven-3.5.0/mainlib/org/jenkins-ci/bytecode-compatibility-transformer/2.0-beta-2/bytecode-compatibility-transformer-2.0-beta-2.jar:/Users/apple/Desktop/apache-maven-3.5.0/mainlib/org/kohsuke/asm6/6.2/asm6-6.2.jar:/Users/apple/Desktop/apache-maven-3.5.0/mainlib/org/jenkins-ci/task-reactor/1.5/task-reactor-1.5.jar:/Users/apple/Desktop/apache-maven-3.5.0/mainlib/org/jvnet/localizer/localizer/1.24/localizer-1.24.jar:/Users/apple/Desktop/apache-maven-3.5.0/mainlib/antlr/antlr/2.7.6/antlr-2.7.6.jar:/Users/apple/Desktop/apache-maven-3.5.0/mainlib/org/jvnet/hudson/xstream/1.4.7-jenkins-1/xstream-1.4.7-jenkins-1.jar:/Users/apple/Desktop/apache-maven-3.5.0/mainlib/xpp3/xpp3/1.1.4c/xpp3-1.1.4c.jar:/Users/apple/Desktop/apache-maven-3.5.0/mainlib/net/sf/kxml/kxml2/2.3.0/kxml2-2.3.0.jar:/Users/apple/Desktop/apache-maven-3.5.0/mainlib/jfree/jfreechart/1.0.9/jfreechart-1.0.9.jar:/Users/apple/Desktop/apache-maven-3.5.0/mainlib/jfree/jcommon/1.0.12/jcommon-1.0.12.jar:/Users/apple/Desktop/apache-maven-3.5.0/mainlib/org/apache/ant/ant/1.9.2/ant-1.9.2.jar:/Users/apple/Desktop/apache-maven-3.5.0/mainlib/org/apache/ant/ant-launcher/1.9.2/ant-launcher-1.9.2.jar:/Users/apple/Desktop/apache-maven-3.5.0/mainlib/commons-io/commons-io/2.6/commons-io-2.6.jar:/Users/apple/Desktop/apache-maven-3.5.0/mainlib/commons-lang/commons-lang/2.6/commons-lang-2.6.jar:/Users/apple/Desktop/apache-maven-3.5.0/mainlib/commons-digester/commons-digester/2.1/commons-digester-2.1.jar:/Users/apple/Desktop/apache-maven-3.5.0/mainlib/commons-beanutils/commons-beanutils/1.8.3/commons-beanutils-1.8.3.jar:/Users/apple/Desktop/apache-maven-3.5.0/mainlib/org/apache/commons/commons-compress/1.10/commons-compress-1.10.jar:/Users/apple/Desktop/apache-maven-3.5.0/mainlib/javax/mail/mail/1.4.4/mail-1.4.4.jar:/Users/apple/Desktop/apache-maven-3.5.0/mainlib/org/jvnet/hudson/activation/1.1.1-hudson-1/activation-1.1.1-hudson-1.jar:/Users/apple/Desktop/apache-maven-3.5.0/mainlib/jaxen/jaxen/1.1-beta-11/jaxen-1.1-beta-11.jar:/Users/apple/Desktop/apache-maven-3.5.0/mainlib/commons-jelly/commons-jelly-tags-fmt/1.0/commons-jelly-tags-fmt-1.0.jar:/Users/apple/Desktop/apache-maven-3.5.0/mainlib/commons-jelly/commons-jelly-tags-xml/1.1/commons-jelly-tags-xml-1.1.jar:/Users/apple/Desktop/apache-maven-3.5.0/mainlib/org/jvnet/hudson/commons-jelly-tags-define/1.0.1-hudson-20071021/commons-jelly-tags-define-1.0.1-hudson-20071021.jar:/Users/apple/Desktop/apache-maven-3.5.0/mainlib/org/jenkins-ci/commons-jexl/1.1-jenkins-20111212/commons-jexl-1.1-jenkins-20111212.jar:/Users/apple/Desktop/apache-maven-3.5.0/mainlib/org/acegisecurity/acegi-security/1.0.7/acegi-security-1.0.7.jar:/Users/apple/Desktop/apache-maven-3.5.0/mainlib/org/springframework/spring-jdbc/1.2.9/spring-jdbc-1.2.9.jar:/Users/apple/Desktop/apache-maven-3.5.0/mainlib/org/springframework/spring-dao/1.2.9/spring-dao-1.2.9.jar:/Users/apple/Desktop/apache-maven-3.5.0/mainlib/oro/oro/2.0.8/oro-2.0.8.jar:/Users/apple/Desktop/apache-maven-3.5.0/mainlib/log4j/log4j/1.2.17/log4j-1.2.17.jar:/Users/apple/Desktop/apache-maven-3.5.0/mainlib/org/codehaus/groovy/groovy-all/2.4.12/groovy-all-2.4.12.jar:/Users/apple/Desktop/apache-maven-3.5.0/mainlib/jline/jline/2.12/jline-2.12.jar:/Users/apple/Desktop/apache-maven-3.5.0/mainlib/org/fusesource/jansi/jansi/1.11/jansi-1.11.jar:/Users/apple/Desktop/apache-maven-3.5.0/mainlib/org/springframework/spring-webmvc/2.5.6.SEC03/spring-webmvc-2.5.6.SEC03.jar:/Users/apple/Desktop/apache-maven-3.5.0/mainlib/org/springframework/spring-beans/2.5.6.SEC03/spring-beans-2.5.6.SEC03.jar:/Users/apple/Desktop/apache-maven-3.5.0/mainlib/org/springframework/spring-context/2.5.6.SEC03/spring-context-2.5.6.SEC03.jar:/Users/apple/Desktop/apache-maven-3.5.0/mainlib/org/springframework/spring-context-support/2.5.6.SEC03/spring-context-support-2.5.6.SEC03.jar:/Users/apple/Desktop/apache-maven-3.5.0/mainlib/org/springframework/spring-web/2.5.6.SEC03/spring-web-2.5.6.SEC03.jar:/Users/apple/Desktop/apache-maven-3.5.0/mainlib/org/springframework/spring-core/2.5.6.SEC03/spring-core-2.5.6.SEC03.jar:/Users/apple/Desktop/apache-maven-3.5.0/mainlib/org/springframework/spring-aop/2.5.6.SEC03/spring-aop-2.5.6.SEC03.jar:/Users/apple/Desktop/apache-maven-3.5.0/mainlib/javax/servlet/jsp/jstl/javax.servlet.jsp.jstl-api/1.2.1/javax.servlet.jsp.jstl-api-1.2.1.jar:/Users/apple/Desktop/apache-maven-3.5.0/mainlib/com/sun/xml/txw2/txw2/20110809/txw2-20110809.jar:/Users/apple/Desktop/apache-maven-3.5.0/mainlib/javax/xml/stream/stax-api/1.0-2/stax-api-1.0-2.jar:/Users/apple/Desktop/apache-maven-3.5.0/mainlib/relaxngDatatype/relaxngDatatype/20020414/relaxngDatatype-20020414.jar:/Users/apple/Desktop/apache-maven-3.5.0/mainlib/commons-collections/commons-collections/3.2.2/commons-collections-3.2.2.jar:/Users/apple/Desktop/apache-maven-3.5.0/mainlib/org/jvnet/winp/winp/1.27/winp-1.27.jar:/Users/apple/Desktop/apache-maven-3.5.0/mainlib/org/jenkins-ci/memory-monitor/1.9/memory-monitor-1.9.jar:/Users/apple/Desktop/apache-maven-3.5.0/mainlib/org/codehaus/woodstox/wstx-asl/3.2.9/wstx-asl-3.2.9.jar:/Users/apple/Desktop/apache-maven-3.5.0/mainlib/stax/stax-api/1.0.1/stax-api-1.0.1.jar:/Users/apple/Desktop/apache-maven-3.5.0/mainlib/org/jenkins-ci/jmdns/3.4.0-jenkins-3/jmdns-3.4.0-jenkins-3.jar:/Users/apple/Desktop/apache-maven-3.5.0/mainlib/net/java/dev/jna/jna/4.5.2/jna-4.5.2.jar:/Users/apple/Desktop/apache-maven-3.5.0/mainlib/org/kohsuke/akuma/1.10/akuma-1.10.jar:/Users/apple/Desktop/apache-maven-3.5.0/mainlib/org/kohsuke/libpam4j/1.11/libpam4j-1.11.jar:/Users/apple/Desktop/apache-maven-3.5.0/mainlib/org/kohsuke/libzfs/0.8/libzfs-0.8.jar:/Users/apple/Desktop/apache-maven-3.5.0/mainlib/com/sun/solaris/embedded_su4j/1.1/embedded_su4j-1.1.jar:/Users/apple/Desktop/apache-maven-3.5.0/mainlib/net/java/sezpoz/sezpoz/1.13/sezpoz-1.13.jar:/Users/apple/Desktop/apache-maven-3.5.0/mainlib/org/kohsuke/jinterop/j-interop/2.0.6-kohsuke-1/j-interop-2.0.6-kohsuke-1.jar:/Users/apple/Desktop/apache-maven-3.5.0/mainlib/org/kohsuke/jinterop/j-interopdeps/2.0.6-kohsuke-1/j-interopdeps-2.0.6-kohsuke-1.jar:/Users/apple/Desktop/apache-maven-3.5.0/mainlib/org/samba/jcifs/jcifs/1.2.19/jcifs-1.2.19.jar:/Users/apple/Desktop/apache-maven-3.5.0/mainlib/org/jvnet/robust-http-client/robust-http-client/1.2/robust-http-client-1.2.jar:/Users/apple/Desktop/apache-maven-3.5.0/mainlib/commons-codec/commons-codec/1.9/commons-codec-1.9.jar:/Users/apple/Desktop/apache-maven-3.5.0/mainlib/commons-fileupload/commons-fileupload/1.3.1-jenkins-2/commons-fileupload-1.3.1-jenkins-2.jar:/Users/apple/Desktop/apache-maven-3.5.0/mainlib/com/google/guava/guava/11.0.1/guava-11.0.1.jar:/Users/apple/Desktop/apache-maven-3.5.0/mainlib/com/jcraft/jzlib/1.1.3-kohsuke-1/jzlib-1.1.3-kohsuke-1.jar:/Users/apple/Desktop/apache-maven-3.5.0/mainlib/org/jenkins-ci/main/jenkins-war/2.164.1/jenkins-war-2.164.1.war:/Users/apple/Desktop/apache-maven-3.5.0/mainlib/org/jenkins-ci/modules/instance-identity/2.2/instance-identity-2.2.jar:/Users/apple/Desktop/apache-maven-3.5.0/mainlib/io/github/stephenc/crypto/self-signed-cert-generator/1.0.0/self-signed-cert-generator-1.0.0.jar:/Users/apple/Desktop/apache-maven-3.5.0/mainlib/org/jenkins-ci/modules/ssh-cli-auth/1.4/ssh-cli-auth-1.4.jar:/Users/apple/Desktop/apache-maven-3.5.0/mainlib/org/jenkins-ci/modules/slave-installer/1.6/slave-installer-1.6.jar:/Users/apple/Desktop/apache-maven-3.5.0/mainlib/org/jenkins-ci/modules/windows-slave-installer/1.10.0/windows-slave-installer-1.10.0.jar:/Users/apple/Desktop/apache-maven-3.5.0/mainlib/org/jenkins-ci/modules/launchd-slave-installer/1.2/launchd-slave-installer-1.2.jar:/Users/apple/Desktop/apache-maven-3.5.0/mainlib/org/jenkins-ci/modules/upstart-slave-installer/1.1/upstart-slave-installer-1.1.jar:/Users/apple/Desktop/apache-maven-3.5.0/mainlib/org/jenkins-ci/modules/systemd-slave-installer/1.1/systemd-slave-installer-1.1.jar:/Users/apple/Desktop/apache-maven-3.5.0/mainlib/org/jenkins-ci/modules/sshd/2.6/sshd-2.6.jar:/Users/apple/Desktop/apache-maven-3.5.0/mainlib/org/apache/sshd/sshd-core/1.7.0/sshd-core-1.7.0.jar:/Users/apple/Desktop/apache-maven-3.5.0/mainlib/org/jenkins-ci/ui/jquery-detached/1.2.1/jquery-detached-1.2.1-core-assets.jar:/Users/apple/Desktop/apache-maven-3.5.0/mainlib/org/jenkins-ci/ui/bootstrap/1.3.2/bootstrap-1.3.2-core-assets.jar:/Users/apple/Desktop/apache-maven-3.5.0/mainlib/org/jenkins-ci/ui/handlebars/1.1.1/handlebars-1.1.1-core-assets.jar:/Users/apple/Desktop/apache-maven-3.5.0/mainlib/org/jenkins-ci/main/jenkins-test-harness/2.49/jenkins-test-harness-2.49.jar:/Users/apple/Desktop/apache-maven-3.5.0/mainlib/org/eclipse/jetty/jetty-webapp/9.4.5.v20170502/jetty-webapp-9.4.5.v20170502.jar:/Users/apple/Desktop/apache-maven-3.5.0/mainlib/org/eclipse/jetty/jetty-xml/9.4.5.v20170502/jetty-xml-9.4.5.v20170502.jar:/Users/apple/Desktop/apache-maven-3.5.0/mainlib/org/eclipse/jetty/jetty-util/9.4.5.v20170502/jetty-util-9.4.5.v20170502.jar:/Users/apple/Desktop/apache-maven-3.5.0/mainlib/org/eclipse/jetty/jetty-servlet/9.4.5.v20170502/jetty-servlet-9.4.5.v20170502.jar:/Users/apple/Desktop/apache-maven-3.5.0/mainlib/org/eclipse/jetty/jetty-security/9.4.5.v20170502/jetty-security-9.4.5.v20170502.jar:/Users/apple/Desktop/apache-maven-3.5.0/mainlib/org/eclipse/jetty/jetty-server/9.4.5.v20170502/jetty-server-9.4.5.v20170502.jar:/Users/apple/Desktop/apache-maven-3.5.0/mainlib/org/eclipse/jetty/jetty-http/9.4.5.v20170502/jetty-http-9.4.5.v20170502.jar:/Users/apple/Desktop/apache-maven-3.5.0/mainlib/org/eclipse/jetty/jetty-io/9.4.5.v20170502/jetty-io-9.4.5.v20170502.jar:/Users/apple/Desktop/apache-maven-3.5.0/mainlib/org/hamcrest/hamcrest-library/1.3/hamcrest-library-1.3.jar:/Users/apple/Desktop/apache-maven-3.5.0/mainlib/org/jenkins-ci/main/jenkins-test-harness-htmlunit/2.31-2/jenkins-test-harness-htmlunit-2.31-2.jar:/Users/apple/Desktop/apache-maven-3.5.0/mainlib/xalan/serializer/2.7.2/serializer-2.7.2.jar:/Users/apple/Desktop/apache-maven-3.5.0/mainlib/org/apache/commons/commons-lang3/3.7/commons-lang3-3.7.jar:/Users/apple/Desktop/apache-maven-3.5.0/mainlib/org/apache/commons/commons-text/1.3/commons-text-1.3.jar:/Users/apple/Desktop/apache-maven-3.5.0/mainlib/xml-apis/xml-apis/1.4.01/xml-apis-1.4.01.jar:/Users/apple/Desktop/apache-maven-3.5.0/mainlib/commons-net/commons-net/3.6/commons-net-3.6.jar:/Users/apple/Desktop/apache-maven-3.5.0/mainlib/org/eclipse/jetty/websocket/websocket-client/9.4.10.v20180503/websocket-client-9.4.10.v20180503.jar:/Users/apple/Desktop/apache-maven-3.5.0/mainlib/org/eclipse/jetty/websocket/websocket-common/9.4.10.v20180503/websocket-common-9.4.10.v20180503.jar:/Users/apple/Desktop/apache-maven-3.5.0/mainlib/org/eclipse/jetty/websocket/websocket-api/9.4.10.v20180503/websocket-api-9.4.10.v20180503.jar:/Users/apple/Desktop/apache-maven-3.5.0/mainlib/org/jvnet/hudson/embedded-rhino-debugger/1.2/embedded-rhino-debugger-1.2.jar:/Users/apple/Desktop/apache-maven-3.5.0/mainlib/org/netbeans/modules/org-netbeans-insane/RELEASE72/org-netbeans-insane-RELEASE72.jar:/Users/apple/Desktop/apache-maven-3.5.0/mainlib/com/github/stephenc/findbugs/findbugs-annotations/1.3.9-1/findbugs-annotations-1.3.9-1.jar:/Users/apple/Desktop/apache-maven-3.5.0/mainlib/org/jenkins-ci/test-annotations/1.3/test-annotations-1.3.jar:/Users/apple/Desktop/apache-maven-3.5.0/mainlib/junit/junit/4.12/junit-4.12.jar:/Users/apple/Desktop/apache-maven-3.5.0/mainlib/org/hamcrest/hamcrest-core/1.3/hamcrest-core-1.3.jar:/Users/apple/Desktop/apache-maven-3.5.0/mainlib/org/slf4j/slf4j-api/1.7.25/slf4j-api-1.7.25.jar:/Users/apple/Desktop/apache-maven-3.5.0/mainlib/org/slf4j/log4j-over-slf4j/1.7.25/log4j-over-slf4j-1.7.25.jar:/Users/apple/Desktop/apache-maven-3.5.0/mainlib/org/slf4j/jcl-over-slf4j/1.7.25/jcl-over-slf4j-1.7.25.jar:/Users/apple/Desktop/apache-maven-3.5.0/mainlib/org/slf4j/slf4j-jdk14/1.7.25/slf4j-jdk14-1.7.25.jar:/Users/apple/Desktop/apache-maven-3.5.0/mainlib/org/kohsuke/access-modifier-annotation/1.16/access-modifier-annotation-1.16.jar:/Users/apple/Desktop/apache-maven-3.5.0/mainlib/commons-logging/commons-logging/1.2/commons-logging-1.2.jar:"/>
    <property name="sun.cpu.endian" value="little"/>
    <property name="user.home" value="/Users/apple"/>
    <property name="user.language" value="zh"/>
    <property name="java.specification.vendor" value="Oracle Corporation"/>
    <property name="java.home" value="/Library/Java/JavaVirtualMachines/jdk1.8.0_111.jdk/Contents/Home/jre"/>
    <property name="basedir" value="/Users/apple/Desktop/java/uploadApk"/>
    <property name="https.proxyHost" value="127.0.0.1"/>
    <property name="file.separator" value="/"/>
    <property name="line.separator" value="&#10;"/>
    <property name="java.vm.specification.vendor" value="Oracle Corporation"/>
    <property name="java.specification.name" value="Java Platform API Specification"/>
    <property name="java.awt.graphicsenv" value="sun.awt.CGraphicsEnvironment"/>
    <property name="java.awt.headless" value="true"/>
    <property name="surefire.real.class.path" value="/Users/apple/Desktop/java/uploadApk/target/surefire/surefirebooter419404716177080798.jar"/>
    <property name="sun.boot.class.path" value="/Library/Java/JavaVirtualMachines/jdk1.8.0_111.jdk/Contents/Home/jre/lib/resources.jar:/Library/Java/JavaVirtualMachines/jdk1.8.0_111.jdk/Contents/Home/jre/lib/rt.jar:/Library/Java/JavaVirtualMachines/jdk1.8.0_111.jdk/Contents/Home/jre/lib/sunrsasign.jar:/Library/Java/JavaVirtualMachines/jdk1.8.0_111.jdk/Contents/Home/jre/lib/jsse.jar:/Library/Java/JavaVirtualMachines/jdk1.8.0_111.jdk/Contents/Home/jre/lib/jce.jar:/Library/Java/JavaVirtualMachines/jdk1.8.0_111.jdk/Contents/Home/jre/lib/charsets.jar:/Library/Java/JavaVirtualMachines/jdk1.8.0_111.jdk/Contents/Home/jre/lib/jfr.jar:/Library/Java/JavaVirtualMachines/jdk1.8.0_111.jdk/Contents/Home/jre/classes"/>
    <property name="sun.management.compiler" value="HotSpot 64-Bit Tiered Compilers"/>
    <property name="java.runtime.version" value="1.8.0_111-b14"/>
    <property name="user.name" value="apple"/>
    <property name="path.separator" value=":"/>
    <property name="os.version" value="10.13.3"/>
    <property name="java.endorsed.dirs" value="/Library/Java/JavaVirtualMachines/jdk1.8.0_111.jdk/Contents/Home/jre/lib/endorsed"/>
    <property name="java.runtime.name" value="Java(TM) SE Runtime Environment"/>
    <property name="file.encoding" value="UTF-8"/>
    <property name="java.vm.name" value="Java HotSpot(TM) 64-Bit Server VM"/>
    <property name="localRepository" value="/Users/apple/Desktop/apache-maven-3.5.0/mainlib"/>
    <property name="java.vendor.url.bug" value="http://bugreport.sun.com/bugreport/"/>
    <property name="java.io.tmpdir" value="/Users/apple/Desktop/java/uploadApk/target/tmp"/>
    <property name="idea.version" value="2018.1.5"/>
    <property name="java.version" value="1.8.0_111"/>
    <property name="user.dir" value="/Users/apple/Desktop/java/uploadApk"/>
    <property name="os.arch" value="x86_64"/>
    <property name="java.vm.specification.name" value="Java Virtual Machine Specification"/>
    <property name="java.awt.printerjob" value="sun.lwawt.macosx.CPrinterJob"/>
    <property name="user.language.format" value="en"/>
    <property name="sun.os.patch.level" value="unknown"/>
    <property name="java.library.path" value="/Users/apple/Library/Java/Extensions:/Library/Java/Extensions:/Network/Library/Java/Extensions:/System/Library/Java/Extensions:/usr/lib/java:."/>
    <property name="java.vm.info" value="mixed mode"/>
    <property name="java.vendor" value="Oracle Corporation"/>
    <property name="java.vm.version" value="25.111-b14"/>
    <property name="java.ext.dirs" value="/Users/apple/Library/Java/Extensions:/Library/Java/JavaVirtualMachines/jdk1.8.0_111.jdk/Contents/Home/jre/lib/ext:/Library/Java/Extensions:/Network/Library/Java/Extensions:/System/Library/Java/Extensions:/usr/lib/java"/>
    <property name="sun.io.unicode.encoding" value="UnicodeBig"/>
    <property name="java.class.version" value="52.0"/>
    <property name="http.proxyPort" value="49635"/>
  </properties>
  <testcase name="index.jelly" classname="org.jvnet.hudson.test.JellyTestSuiteBuilder$JellyCheck" time="0.071"/>
  <testcase name="io/jenkins/plugins/sample/HelloWorldBuilder/config.jelly" classname="org.jvnet.hudson.test.JellyTestSuiteBuilder$JellyCheck" time="0.525"/>
  <testcase name="testCliSanity" classname="org.jvnet.hudson.test.PluginAutomaticTestBuilder$OtherTests" time="0.017"/>
  <testcase name="testPluginActive" classname="org.jvnet.hudson.test.PluginAutomaticTestBuilder$OtherTests" time="0.001"/>
  <testcase name="org.jvnet.hudson.test.JellyTestSuiteBuilder$JellyTestSuite" classname="org.jvnet.hudson.test.junit.FailedTest" time="0"/>
  <testcase name="io/jenkins/plugins/sample/HelloWorldBuilder/config_fr.properties" classname="org.jvnet.hudson.test.PropertiesTestSuite$PropertiesTest" time="0.001"/>
  <testcase name="io/jenkins/plugins/sample/HelloWorldBuilder/config_pt_BR.properties" classname="org.jvnet.hudson.test.PropertiesTestSuite$PropertiesTest" time="0"/>
  <testcase name="io/jenkins/plugins/sample/Messages_fr.properties" classname="org.jvnet.hudson.test.PropertiesTestSuite$PropertiesTest" time="0.001"/>
  <testcase name="io/jenkins/plugins/sample/Messages_tr.properties" classname="org.jvnet.hudson.test.PropertiesTestSuite$PropertiesTest" time="0.001"/>
  <testcase name="io/jenkins/plugins/sample/HelloWorldBuilder/config_tr.properties" classname="org.jvnet.hudson.test.PropertiesTestSuite$PropertiesTest" time="0.001"/>
  <testcase name="io/jenkins/plugins/sample/HelloWorldBuilder/config_sv.properties" classname="org.jvnet.hudson.test.PropertiesTestSuite$PropertiesTest" time="0.001"/>
  <testcase name="io/jenkins/plugins/sample/Messages.properties" classname="org.jvnet.hudson.test.PropertiesTestSuite$PropertiesTest" time="0"/>
  <testcase name="io/jenkins/plugins/sample/Messages_de.properties" classname="org.jvnet.hudson.test.PropertiesTestSuite$PropertiesTest" time="0.001"/>
  <testcase name="io/jenkins/plugins/sample/HelloWorldBuilder/config_it.properties" classname="org.jvnet.hudson.test.PropertiesTestSuite$PropertiesTest" time="0"/>
  <testcase name="io/jenkins/plugins/sample/Messages_zh_CN.properties" classname="org.jvnet.hudson.test.PropertiesTestSuite$PropertiesTest" time="0"/>
  <testcase name="io/jenkins/plugins/sample/HelloWorldBuilder/config_es.properties" classname="org.jvnet.hudson.test.PropertiesTestSuite$PropertiesTest" time="0.001"/>
  <testcase name="io/jenkins/plugins/sample/Messages_it.properties" classname="org.jvnet.hudson.test.PropertiesTestSuite$PropertiesTest" time="0.001"/>
  <testcase name="io/jenkins/plugins/sample/HelloWorldBuilder/config_zh_CN.properties" classname="org.jvnet.hudson.test.PropertiesTestSuite$PropertiesTest" time="0"/>
  <testcase name="io/jenkins/plugins/sample/Messages_es.properties" classname="org.jvnet.hudson.test.PropertiesTestSuite$PropertiesTest" time="0.001"/>
  <testcase name="io/jenkins/plugins/sample/HelloWorldBuilder/config_de.properties" classname="org.jvnet.hudson.test.PropertiesTestSuite$PropertiesTest" time="0.004"/>
  <testcase name="io/jenkins/plugins/sample/Messages_sv.properties" classname="org.jvnet.hudson.test.PropertiesTestSuite$PropertiesTest" time="0"/>
  <testcase name="io/jenkins/plugins/sample/HelloWorldBuilder/config.properties" classname="org.jvnet.hudson.test.PropertiesTestSuite$PropertiesTest" time="0.004"/>
  <testcase name="io/jenkins/plugins/sample/Messages_pt_BR.properties" classname="org.jvnet.hudson.test.PropertiesTestSuite$PropertiesTest" time="0.001"/>
</testsuite>